<?xml version="1.0" encoding="UTF-8"?>
<!-- Generated by org.testng.reporters.JUnitReportReporter -->
<testsuite hostname="bthoa-3" failures="0" tests="2" name="Maven_Testng.Maven_Testng1.NewTest" time="13.222" errors="0" timestamp="29 Sep 2023 07:19:53 GMT" skipped="0">
  <testcase classname="Maven_Testng.Maven_Testng1.NewTest" name="loginBlaze" time="3.223"/>
  <testcase classname="Maven_Testng.Maven_Testng1.NewTest" name="checkbox" time="9.999"/>
</testsuite> <!-- Maven_Testng.Maven_Testng1.NewTest -->
