<?xml version="1.0" encoding="UTF-8"?>
<!-- Generated by org.testng.reporters.JUnitReportReporter -->
<testsuite hostname="bthoa-3" failures="0" tests="1" name="Maven_Testng.Maven_Testng1.AppTest" time="0.002" errors="0" timestamp="29 Sep 2023 07:19:54 GMT" skipped="0">
  <testcase classname="Maven_Testng.Maven_Testng1.AppTest" name="shouldAnswerWithTrue" time="0.002"/>
</testsuite> <!-- Maven_Testng.Maven_Testng1.AppTest -->
