<?xml version="1.0" encoding="UTF-8"?>
<!-- Generated by org.testng.reporters.JUnitReportReporter -->
<testsuite hostname="bthoa-3" failures="0" tests="2" name="Maven_Testng.Maven_Testng1.NewTest" time="13.765" errors="0" timestamp="2023-09-29T14:11:46 ICT" skipped="0">
  <testcase classname="Maven_Testng.Maven_Testng1.NewTest" name="checkbox" time="10.382"/>
  <testcase classname="Maven_Testng.Maven_Testng1.NewTest" name="loginBlaze" time="3.383"/>
</testsuite> <!-- Maven_Testng.Maven_Testng1.NewTest -->
