<?xml version="1.0" encoding="UTF-8"?>
<!-- Generated by org.testng.reporters.JUnitReportReporter -->
<testsuite hostname="bthoa-3" failures="0" tests="2" name="Maven_Testng.Maven_Testng.NewTest" time="20.195" errors="0" timestamp="2023-09-29T10:47:40 ICT" skipped="0">
  <testcase classname="Maven_Testng.Maven_Testng.NewTest" name="checkbox" time="10.674"/>
  <testcase classname="Maven_Testng.Maven_Testng.NewTest" name="verifyHomepageTitle" time="9.521"/>
</testsuite> <!-- Maven_Testng.Maven_Testng.NewTest -->
